{"uuid":"83096eb6-ec27-446c-88a3-95133d164283","historyId":"9d0cd164dec472cebe2300fa3ee4f4ae","fullName":"groupsTest.GroupsTest.C5406","labels":[{"name":"package","value":"groupsTest"},{"name":"testClass","value":"groupsTest.GroupsTest"},{"name":"testMethod","value":"C5406"},{"name":"suite","value":"groupsTest.GroupsTest"},{"name":"host","value":"BPVNM"},{"name":"thread","value":"12492@BPVNM.main(1)"}],"links":[],"name":"C5406","status":"failed","statusDetails":{"known":false,"muted":false,"flaky":false,"message":"Can not work with element ","trace":"java.lang.AssertionError: Can not work with element \r\n\tat org.junit.Assert.fail(Assert.java:88)\r\n\tat libs.ActionsWithOurElements.stopTestAndPrintMessage(ActionsWithOurElements.java:62)\r\n\tat libs.ActionsWithOurElements.clickOnElement(ActionsWithOurElements.java:45)\r\n\tat pages.GroupsPage.clickOnFirstGroup(GroupsPage.java:189)\r\n\tat groupsTest.GroupsTest.C5406(GroupsTest.java:157)\r\n\tat sun.reflect.NativeMethodAccessorImpl.invoke0(Native Method)\r\n\tat sun.reflect.NativeMethodAccessorImpl.invoke(NativeMethodAccessorImpl.java:62)\r\n\tat sun.reflect.DelegatingMethodAccessorImpl.invoke(DelegatingMethodAccessorImpl.java:43)\r\n\tat java.lang.reflect.Method.invoke(Method.java:498)\r\n\tat org.junit.runners.model.FrameworkMethod$1.runReflectiveCall(FrameworkMethod.java:47)\r\n\tat org.junit.internal.runners.model.ReflectiveCallable.run(ReflectiveCallable.java:12)\r\n\tat org.junit.runners.model.FrameworkMethod.invokeExplosively(FrameworkMethod.java:44)\r\n\tat org.junit.internal.runners.statements.InvokeMethod.evaluate(InvokeMethod.java:17)\r\n\tat org.junit.internal.runners.statements.RunBefores.evaluate(RunBefores.java:26)\r\n\tat org.junit.internal.runners.statements.RunAfters.evaluate(RunAfters.java:27)\r\n\tat org.junit.rules.TestWatcher$1.evaluate(TestWatcher.java:55)\r\n\tat org.junit.rules.RunRules.evaluate(RunRules.java:20)\r\n\tat org.junit.runners.ParentRunner.runLeaf(ParentRunner.java:271)\r\n\tat org.junit.runners.BlockJUnit4ClassRunner.runChild(BlockJUnit4ClassRunner.java:70)\r\n\tat org.junit.runners.BlockJUnit4ClassRunner.runChild(BlockJUnit4ClassRunner.java:50)\r\n\tat org.junit.runners.ParentRunner$3.run(ParentRunner.java:238)\r\n\tat org.junit.runners.ParentRunner$1.schedule(ParentRunner.java:63)\r\n\tat org.junit.runners.ParentRunner.runChildren(ParentRunner.java:236)\r\n\tat org.junit.runners.ParentRunner.access$000(ParentRunner.java:53)\r\n\tat org.junit.runners.ParentRunner$2.evaluate(ParentRunner.java:229)\r\n\tat org.junit.runners.ParentRunner.run(ParentRunner.java:309)\r\n\tat org.junit.runners.Suite.runChild(Suite.java:127)\r\n\tat org.junit.runners.Suite.runChild(Suite.java:26)\r\n\tat org.junit.runners.ParentRunner$3.run(ParentRunner.java:238)\r\n\tat org.junit.runners.ParentRunner$1.schedule(ParentRunner.java:63)\r\n\tat org.junit.runners.ParentRunner.runChildren(ParentRunner.java:236)\r\n\tat org.junit.runners.ParentRunner.access$000(ParentRunner.java:53)\r\n\tat org.junit.runners.ParentRunner$2.evaluate(ParentRunner.java:229)\r\n\tat org.junit.runners.ParentRunner.run(ParentRunner.java:309)\r\n\tat org.apache.maven.surefire.junit4.JUnit4Provider.execute(JUnit4Provider.java:365)\r\n\tat org.apache.maven.surefire.junit4.JUnit4Provider.executeWithRerun(JUnit4Provider.java:273)\r\n\tat org.apache.maven.surefire.junit4.JUnit4Provider.executeTestSet(JUnit4Provider.java:238)\r\n\tat org.apache.maven.surefire.junit4.JUnit4Provider.invoke(JUnit4Provider.java:159)\r\n\tat org.apache.maven.surefire.booter.ForkedBooter.runSuitesInProcess(ForkedBooter.java:377)\r\n\tat org.apache.maven.surefire.booter.ForkedBooter.execute(ForkedBooter.java:138)\r\n\tat org.apache.maven.surefire.booter.ForkedBooter.run(ForkedBooter.java:465)\r\n\tat org.apache.maven.surefire.booter.ForkedBooter.main(ForkedBooter.java:451)\r\n"},"stage":"finished","start":1584114757093,"stop":1584114796278,"steps":[{"name":"fillingLoginFormAndSubmitIt","status":"passed","stage":"finished","start":1584114767549,"stop":1584114771256,"steps":[{"name":"openPage","status":"passed","stage":"finished","start":1584114767549,"stop":1584114768427},{"name":"enterLoginInToInputLogin","status":"passed","stage":"finished","start":1584114768427,"stop":1584114769288,"parameters":[{"name":"login","value":"aa.hideez@gmail.com"}]},{"name":"enterPassInToInputPassword","status":"passed","stage":"finished","start":1584114769288,"stop":1584114769636,"parameters":[{"name":"password","value":"12345678"}]},{"name":"clickOnButtonLogIn","status":"passed","stage":"finished","start":1584114769636,"stop":1584114771256}],"parameters":[{"name":"login","value":"aa.hideez@gmail.com"},{"name":"pass","value":"12345678"}]},{"name":"checkCurrentUrl","status":"passed","stage":"finished","start":1584114771256,"stop":1584114771381},{"name":"checkCurrentUrl","status":"passed","stage":"finished","start":1584114772877,"stop":1584114772926},{"name":"searchInTableGroup","status":"passed","stage":"finished","start":1584114772927,"stop":1584114779271,"parameters":[{"name":"groupNameForSearch","value":"Group for auto-tests"}]},{"name":"clickOnFirstGroup","status":"failed","statusDetails":{"known":false,"muted":false,"flaky":false,"message":"Can not work with element ","trace":"java.lang.AssertionError: Can not work with element \r\n\tat org.junit.Assert.fail(Assert.java:88)\r\n\tat libs.ActionsWithOurElements.stopTestAndPrintMessage(ActionsWithOurElements.java:62)\r\n\tat libs.ActionsWithOurElements.clickOnElement(ActionsWithOurElements.java:45)\r\n\tat pages.GroupsPage.clickOnFirstGroup(GroupsPage.java:189)\r\n\tat groupsTest.GroupsTest.C5406(GroupsTest.java:157)\r\n\tat sun.reflect.NativeMethodAccessorImpl.invoke0(Native Method)\r\n\tat sun.reflect.NativeMethodAccessorImpl.invoke(NativeMethodAccessorImpl.java:62)\r\n\tat sun.reflect.DelegatingMethodAccessorImpl.invoke(DelegatingMethodAccessorImpl.java:43)\r\n\tat java.lang.reflect.Method.invoke(Method.java:498)\r\n\tat org.junit.runners.model.FrameworkMethod$1.runReflectiveCall(FrameworkMethod.java:47)\r\n\tat org.junit.internal.runners.model.ReflectiveCallable.run(ReflectiveCallable.java:12)\r\n\tat org.junit.runners.model.FrameworkMethod.invokeExplosively(FrameworkMethod.java:44)\r\n\tat org.junit.internal.runners.statements.InvokeMethod.evaluate(InvokeMethod.java:17)\r\n\tat org.junit.internal.runners.statements.RunBefores.evaluate(RunBefores.java:26)\r\n\tat org.junit.internal.runners.statements.RunAfters.evaluate(RunAfters.java:27)\r\n\tat org.junit.rules.TestWatcher$1.evaluate(TestWatcher.java:55)\r\n\tat org.junit.rules.RunRules.evaluate(RunRules.java:20)\r\n\tat org.junit.runners.ParentRunner.runLeaf(ParentRunner.java:271)\r\n\tat org.junit.runners.BlockJUnit4ClassRunner.runChild(BlockJUnit4ClassRunner.java:70)\r\n\tat org.junit.runners.BlockJUnit4ClassRunner.runChild(BlockJUnit4ClassRunner.java:50)\r\n\tat org.junit.runners.ParentRunner$3.run(ParentRunner.java:238)\r\n\tat org.junit.runners.ParentRunner$1.schedule(ParentRunner.java:63)\r\n\tat org.junit.runners.ParentRunner.runChildren(ParentRunner.java:236)\r\n\tat org.junit.runners.ParentRunner.access$000(ParentRunner.java:53)\r\n\tat org.junit.runners.ParentRunner$2.evaluate(ParentRunner.java:229)\r\n\tat org.junit.runners.ParentRunner.run(ParentRunner.java:309)\r\n\tat org.junit.runners.Suite.runChild(Suite.java:127)\r\n\tat org.junit.runners.Suite.runChild(Suite.java:26)\r\n\tat org.junit.runners.ParentRunner$3.run(ParentRunner.java:238)\r\n\tat org.junit.runners.ParentRunner$1.schedule(ParentRunner.java:63)\r\n\tat org.junit.runners.ParentRunner.runChildren(ParentRunner.java:236)\r\n\tat org.junit.runners.ParentRunner.access$000(ParentRunner.java:53)\r\n\tat org.junit.runners.ParentRunner$2.evaluate(ParentRunner.java:229)\r\n\tat org.junit.runners.ParentRunner.run(ParentRunner.java:309)\r\n\tat org.apache.maven.surefire.junit4.JUnit4Provider.execute(JUnit4Provider.java:365)\r\n\tat org.apache.maven.surefire.junit4.JUnit4Provider.executeWithRerun(JUnit4Provider.java:273)\r\n\tat org.apache.maven.surefire.junit4.JUnit4Provider.executeTestSet(JUnit4Provider.java:238)\r\n\tat org.apache.maven.surefire.junit4.JUnit4Provider.invoke(JUnit4Provider.java:159)\r\n\tat org.apache.maven.surefire.booter.ForkedBooter.runSuitesInProcess(ForkedBooter.java:377)\r\n\tat org.apache.maven.surefire.booter.ForkedBooter.execute(ForkedBooter.java:138)\r\n\tat org.apache.maven.surefire.booter.ForkedBooter.run(ForkedBooter.java:465)\r\n\tat org.apache.maven.surefire.booter.ForkedBooter.main(ForkedBooter.java:451)\r\n"},"stage":"finished","start":1584114779271,"stop":1584114794621}],"attachments":[{"name":"Page screenshot","source":"9492d3f8-072c-4886-80fc-3c97a56e8d15-attachment","type":"image/png"}]}